<?xml version="1.0" encoding="UTF-8"?>
<!-- Generated by org.testng.reporters.JUnitXMLReporter -->
<testsuite hostname="SSTR0038" ignored="0" name="Create Report Template Test" tests="1" failures="1" timestamp="11 Oct 2018 13:17:26 GMT" time="11.167" errors="0">
  <testcase name="createReportTemplateTest" time="10.975" classname="com.ajmal.testcases.CreateReportTemplateTest">
    <failure type="java.lang.NullPointerException">
      <![CDATA[java.lang.NullPointerException
	at org.openqa.selenium.support.pagefactory.internal.LocatingElementHandler.invoke(LocatingElementHandler.java:51)
	at com.sun.proxy.$Proxy9.toString(Unknown Source)
	at java.lang.String.valueOf(Unknown Source)
	at java.lang.StringBuilder.append(Unknown Source)
	at com.ajmal.base.Page.click(Page.java:108)
	at com.ajmal.pages.actions.AddReportTemplatePopup.selectStyleTemplate(AddReportTemplatePopup.java:41)
	at com.ajmal.testcases.CreateReportTemplateTest.createReportTemplateTest(CreateReportTemplateTest.java:57)
... Removed 29 stack frames]]>
    </failure>
  </testcase> <!-- createReportTemplateTest -->
</testsuite> <!-- Create Report Template Test -->
