<?xml version="1.0" encoding="UTF-8"?>
<!-- Generated by org.testng.reporters.JUnitXMLReporter -->
<testsuite hostname="SSTR0038" ignored="0" name="Reports_Test" tests="4" failures="0" timestamp="12 Oct 2018 14:02:54 GMT" time="112.642" errors="0">
  <testcase name="createReportTemplateTest" time="24.695" classname="com.ajmal.testcases.ReportsTest"/>
  <testcase name="editReportTemplateTest" time="34.328" classname="com.ajmal.testcases.ReportsTest"/>
  <testcase name="copyReportTemplateTest" time="23.962" classname="com.ajmal.testcases.ReportsTest"/>
  <testcase name="deleteReportTemplateTest" time="18.526" classname="com.ajmal.testcases.ReportsTest"/>
</testsuite> <!-- Reports_Test -->
