<?xml version="1.0" encoding="UTF-8"?>
<!-- Generated by org.testng.reporters.JUnitXMLReporter -->
<testsuite hostname="SSTR0038" ignored="0" name="ReportsTest" tests="4" failures="0" timestamp="12 Oct 2018 10:02:32 GMT" time="191.815" errors="0">
  <testcase name="createReportTemplateTest" time="79.53" classname="com.ajmal.testcases.ReportsTest"/>
  <testcase name="editReportTemplateTest" time="69.763" classname="com.ajmal.testcases.ReportsTest"/>
  <testcase name="copyReportTemplateTest" time="22.783" classname="com.ajmal.testcases.ReportsTest"/>
  <testcase name="deleteReportTemplateTest" time="18.538" classname="com.ajmal.testcases.ReportsTest"/>
</testsuite> <!-- ReportsTest -->
