<?xml version="1.0" encoding="UTF-8"?>
<!-- Generated by org.testng.reporters.JUnitXMLReporter -->
<testsuite hostname="SSTR0038" ignored="0" name="Reports_Test" tests="4" failures="1" timestamp="12 Oct 2018 18:31:31 GMT" time="22.425" errors="0">
  <testcase name="createReportTemplateTest" time="21.433" classname="com.ajmal.testcases.ReportsTest"/>
  <testcase name="editReportTemplateTest" time="0.002" classname="com.ajmal.testcases.ReportsTest">
    <failure type="java.lang.Error" message="Unresolved compilation problem: 
	Duplicate local variable logout
">
      <![CDATA[java.lang.Error: Unresolved compilation problem: 
	Duplicate local variable logout

	at com.ajmal.testcases.ReportsTest.editReportTemplateTest(ReportsTest.java:78)
... Removed 25 stack frames]]>
    </failure>
  </testcase> <!-- editReportTemplateTest -->
  <testcase name="copyReportTemplateTest" time="0.0" classname="com.ajmal.testcases.ReportsTest">
    <skipped/>
  </testcase> <!-- copyReportTemplateTest -->
  <testcase name="deleteReportTemplateTest" time="0.0" classname="com.ajmal.testcases.ReportsTest">
    <skipped/>
  </testcase> <!-- deleteReportTemplateTest -->
</testsuite> <!-- Reports_Test -->
