<?xml version="1.0" encoding="UTF-8"?>
<testng-results skipped="2" failed="1" ignored="0" total="4" passed="1">
  <reporter-output>
    <line>
      <![CDATA[Click to see Screenshot]]>
    </line>
    <line>
      <![CDATA[<a target="_blank" href=Sat_Oct_13_00_01_30_IST_2018.jpg>Screenshot</a>]]>
    </line>
    <line>
      <![CDATA[<br>]]>
    </line>
    <line>
      <![CDATA[<br>]]>
    </line>
    <line>
      <![CDATA[<a target="_blank" href=Sat_Oct_13_00_01_30_IST_2018.jpg><img src=Sat_Oct_13_00_01_30_IST_2018.jpg height=200 width=200></img></a>]]>
    </line>
  </reporter-output>
  <suite name="Canopy Assignment" duration-ms="22425" started-at="2018-10-12T18:31:08Z" finished-at="2018-10-12T18:31:31Z">
    <groups>
    </groups>
    <test name="Reports_Test" duration-ms="22425" started-at="2018-10-12T18:31:08Z" finished-at="2018-10-12T18:31:31Z">
      <class name="com.ajmal.testcases.ReportsTest">
        <test-method status="PASS" signature="setUp()[pri:0, instance:com.ajmal.testcases.ReportsTest@7ef82753]" name="setUp" is-config="true" duration-ms="36368" started-at="2018-10-13T00:00:32Z" finished-at="2018-10-13T00:01:08Z">
          <reporter-output>
          </reporter-output>
        </test-method> <!-- setUp -->
        <test-method status="PASS" signature="createReportTemplateTest()[pri:0, instance:com.ajmal.testcases.ReportsTest@7ef82753]" name="createReportTemplateTest" duration-ms="21433" started-at="2018-10-13T00:01:08Z" finished-at="2018-10-13T00:01:30Z">
          <reporter-output>
          </reporter-output>
        </test-method> <!-- createReportTemplateTest -->
        <test-method status="FAIL" signature="editReportTemplateTest()[pri:1, instance:com.ajmal.testcases.ReportsTest@7ef82753]" name="editReportTemplateTest" duration-ms="2" started-at="2018-10-13T00:01:30Z" depends-on-methods="com.ajmal.testcases.ReportsTest.createReportTemplateTest" finished-at="2018-10-13T00:01:30Z">
          <exception class="java.lang.Error">
            <message>
              <![CDATA[Unresolved compilation problem: 
	Duplicate local variable logout
]]>
            </message>
            <full-stacktrace>
              <![CDATA[java.lang.Error: Unresolved compilation problem: 
	Duplicate local variable logout

	at com.ajmal.testcases.ReportsTest.editReportTemplateTest(ReportsTest.java:78)
	at sun.reflect.NativeMethodAccessorImpl.invoke0(Native Method)
	at sun.reflect.NativeMethodAccessorImpl.invoke(NativeMethodAccessorImpl.java:62)
	at sun.reflect.DelegatingMethodAccessorImpl.invoke(DelegatingMethodAccessorImpl.java:43)
	at java.lang.reflect.Method.invoke(Method.java:497)
	at org.testng.internal.MethodInvocationHelper.invokeMethod(MethodInvocationHelper.java:108)
	at org.testng.internal.Invoker.invokeMethod(Invoker.java:661)
	at org.testng.internal.Invoker.invokeTestMethod(Invoker.java:869)
	at org.testng.internal.Invoker.invokeTestMethods(Invoker.java:1193)
	at org.testng.internal.TestMethodWorker.invokeTestMethods(TestMethodWorker.java:126)
	at org.testng.internal.TestMethodWorker.run(TestMethodWorker.java:109)
	at org.testng.TestRunner.privateRun(TestRunner.java:744)
	at org.testng.TestRunner.run(TestRunner.java:602)
	at org.testng.SuiteRunner.runTest(SuiteRunner.java:380)
	at org.testng.SuiteRunner.runSequentially(SuiteRunner.java:375)
	at org.testng.SuiteRunner.privateRun(SuiteRunner.java:340)
	at org.testng.SuiteRunner.run(SuiteRunner.java:289)
	at org.testng.SuiteRunnerWorker.runSuite(SuiteRunnerWorker.java:52)
	at org.testng.SuiteRunnerWorker.run(SuiteRunnerWorker.java:86)
	at org.testng.TestNG.runSuitesSequentially(TestNG.java:1301)
	at org.testng.TestNG.runSuitesLocally(TestNG.java:1226)
	at org.testng.TestNG.runSuites(TestNG.java:1144)
	at org.testng.TestNG.run(TestNG.java:1115)
	at org.testng.remote.AbstractRemoteTestNG.run(AbstractRemoteTestNG.java:114)
	at org.testng.remote.RemoteTestNG.initAndRun(RemoteTestNG.java:251)
	at org.testng.remote.RemoteTestNG.main(RemoteTestNG.java:77)
]]>
            </full-stacktrace>
          </exception> <!-- java.lang.Error -->
          <reporter-output>
            <line>
              <![CDATA[Click to see Screenshot]]>
            </line>
            <line>
              <![CDATA[<a target="_blank" href=Sat_Oct_13_00_01_30_IST_2018.jpg>Screenshot</a>]]>
            </line>
            <line>
              <![CDATA[<br>]]>
            </line>
            <line>
              <![CDATA[<br>]]>
            </line>
            <line>
              <![CDATA[<a target="_blank" href=Sat_Oct_13_00_01_30_IST_2018.jpg><img src=Sat_Oct_13_00_01_30_IST_2018.jpg height=200 width=200></img></a>]]>
            </line>
          </reporter-output>
        </test-method> <!-- editReportTemplateTest -->
        <test-method status="SKIP" signature="copyReportTemplateTest()[pri:2, instance:com.ajmal.testcases.ReportsTest@7ef82753]" name="copyReportTemplateTest" duration-ms="0" started-at="2018-10-13T00:01:30Z" depends-on-methods="com.ajmal.testcases.ReportsTest.editReportTemplateTest" finished-at="2018-10-13T00:01:30Z">
          <exception class="java.lang.Throwable">
            <message>
              <![CDATA[Method ReportsTest.copyReportTemplateTest()[pri:2, instance:com.ajmal.testcases.ReportsTest@7ef82753] depends on not successfully finished methods]]>
            </message>
            <full-stacktrace>
              <![CDATA[java.lang.Throwable: Method ReportsTest.copyReportTemplateTest()[pri:2, instance:com.ajmal.testcases.ReportsTest@7ef82753] depends on not successfully finished methods
	at org.testng.internal.Invoker.invokeTestMethods(Invoker.java:1084)
	at org.testng.internal.TestMethodWorker.invokeTestMethods(TestMethodWorker.java:126)
	at org.testng.internal.TestMethodWorker.run(TestMethodWorker.java:109)
	at org.testng.TestRunner.privateRun(TestRunner.java:744)
	at org.testng.TestRunner.run(TestRunner.java:602)
	at org.testng.SuiteRunner.runTest(SuiteRunner.java:380)
	at org.testng.SuiteRunner.runSequentially(SuiteRunner.java:375)
	at org.testng.SuiteRunner.privateRun(SuiteRunner.java:340)
	at org.testng.SuiteRunner.run(SuiteRunner.java:289)
	at org.testng.SuiteRunnerWorker.runSuite(SuiteRunnerWorker.java:52)
	at org.testng.SuiteRunnerWorker.run(SuiteRunnerWorker.java:86)
	at org.testng.TestNG.runSuitesSequentially(TestNG.java:1301)
	at org.testng.TestNG.runSuitesLocally(TestNG.java:1226)
	at org.testng.TestNG.runSuites(TestNG.java:1144)
	at org.testng.TestNG.run(TestNG.java:1115)
	at org.testng.remote.AbstractRemoteTestNG.run(AbstractRemoteTestNG.java:114)
	at org.testng.remote.RemoteTestNG.initAndRun(RemoteTestNG.java:251)
	at org.testng.remote.RemoteTestNG.main(RemoteTestNG.java:77)
]]>
            </full-stacktrace>
          </exception> <!-- java.lang.Throwable -->
          <reporter-output>
          </reporter-output>
        </test-method> <!-- copyReportTemplateTest -->
        <test-method status="SKIP" signature="deleteReportTemplateTest()[pri:3, instance:com.ajmal.testcases.ReportsTest@7ef82753]" name="deleteReportTemplateTest" duration-ms="0" started-at="2018-10-13T00:01:31Z" depends-on-methods="com.ajmal.testcases.ReportsTest.copyReportTemplateTest" finished-at="2018-10-13T00:01:31Z">
          <exception class="java.lang.Throwable">
            <message>
              <![CDATA[Method ReportsTest.deleteReportTemplateTest()[pri:3, instance:com.ajmal.testcases.ReportsTest@7ef82753] depends on not successfully finished methods]]>
            </message>
            <full-stacktrace>
              <![CDATA[java.lang.Throwable: Method ReportsTest.deleteReportTemplateTest()[pri:3, instance:com.ajmal.testcases.ReportsTest@7ef82753] depends on not successfully finished methods
	at org.testng.internal.Invoker.invokeTestMethods(Invoker.java:1084)
	at org.testng.internal.TestMethodWorker.invokeTestMethods(TestMethodWorker.java:126)
	at org.testng.internal.TestMethodWorker.run(TestMethodWorker.java:109)
	at org.testng.TestRunner.privateRun(TestRunner.java:744)
	at org.testng.TestRunner.run(TestRunner.java:602)
	at org.testng.SuiteRunner.runTest(SuiteRunner.java:380)
	at org.testng.SuiteRunner.runSequentially(SuiteRunner.java:375)
	at org.testng.SuiteRunner.privateRun(SuiteRunner.java:340)
	at org.testng.SuiteRunner.run(SuiteRunner.java:289)
	at org.testng.SuiteRunnerWorker.runSuite(SuiteRunnerWorker.java:52)
	at org.testng.SuiteRunnerWorker.run(SuiteRunnerWorker.java:86)
	at org.testng.TestNG.runSuitesSequentially(TestNG.java:1301)
	at org.testng.TestNG.runSuitesLocally(TestNG.java:1226)
	at org.testng.TestNG.runSuites(TestNG.java:1144)
	at org.testng.TestNG.run(TestNG.java:1115)
	at org.testng.remote.AbstractRemoteTestNG.run(AbstractRemoteTestNG.java:114)
	at org.testng.remote.RemoteTestNG.initAndRun(RemoteTestNG.java:251)
	at org.testng.remote.RemoteTestNG.main(RemoteTestNG.java:77)
]]>
            </full-stacktrace>
          </exception> <!-- java.lang.Throwable -->
          <reporter-output>
          </reporter-output>
        </test-method> <!-- deleteReportTemplateTest -->
        <test-method status="PASS" signature="tearDown()[pri:0, instance:com.ajmal.testcases.ReportsTest@7ef82753]" name="tearDown" is-config="true" duration-ms="700" started-at="2018-10-13T00:01:31Z" finished-at="2018-10-13T00:01:31Z">
          <reporter-output>
          </reporter-output>
        </test-method> <!-- tearDown -->
      </class> <!-- com.ajmal.testcases.ReportsTest -->
    </test> <!-- Reports_Test -->
  </suite> <!-- Canopy Assignment -->
</testng-results>
